# JRE version: OpenJDK Runtime Environment (11.0.6+10) (build 11.0.6+10-post-Ubuntu-1ubuntu118.04.1)
# Java VM: OpenJDK 64-Bit Server VM (11.0.6+10-post-Ubuntu-1ubuntu118.04.1, mixed mode, sharing, tiered, compressed oops, serial gc, linux-amd64)
Heap:
 def new generation   total 19136K, used 13548K [0x00000000c2600000, 0x00000000c3ac0000, 0x00000000d6ea0000)
  eden space 17024K,  79% used [0x00000000c2600000, 0x00000000c333b230, 0x00000000c36a0000)
  from space 2112K,   0% used [0x00000000c36a0000, 0x00000000c36a0000, 0x00000000c38b0000)
  to   space 2112K,   0% used [0x00000000c38b0000, 0x00000000c38b0000, 0x00000000c3ac0000)
 tenured generation   total 42368K, used 21054K [0x00000000d6ea0000, 0x00000000d9800000, 0x0000000100000000)
   the space 42368K,  49% used [0x00000000d6ea0000, 0x00000000d832fb90, 0x00000000d832fc00, 0x00000000d9800000)
 Metaspace       used 57282K, capacity 58434K, committed 59312K, reserved 1101824K
  class space    used 7276K, capacity 7715K, committed 7936K, reserved 1048576K
GC Heap History (20 events):
Event: 30.584 GC heap before
{Heap before GC invocations=37 (full 2):
 def new generation   total 19136K, used 18498K [0x00000000c2600000, 0x00000000c3ac0000, 0x00000000d6ea0000)
  eden space 17024K, 100% used [0x00000000c2600000, 0x00000000c36a0000, 0x00000000c36a0000)
  from space 2112K,  69% used [0x00000000c38b0000, 0x00000000c3a209a0, 0x00000000c3ac0000)
  to   space 2112K,   0% used [0x00000000c36a0000, 0x00000000c36a0000, 0x00000000c38b0000)
 tenured generation   total 42368K, used 17936K [0x00000000d6ea0000, 0x00000000d9800000, 0x0000000100000000)
   the space 42368K,  42% used [0x00000000d6ea0000, 0x00000000d8024250, 0x00000000d8024400, 0x00000000d9800000)
 Metaspace       used 47726K, capacity 48835K, committed 49200K, reserved 1091584K
  class space    used 6090K, capacity 6526K, committed 6528K, reserved 1048576K
}
Event: 30.593 GC heap after
{Heap after GC invocations=38 (full 2):
 def new generation   total 19136K, used 1171K [0x00000000c2600000, 0x00000000c3ac0000, 0x00000000d6ea0000)
  eden space 17024K,   0% used [0x00000000c2600000, 0x00000000c2600000, 0x00000000c36a0000)
  from space 2112K,  55% used [0x00000000c36a0000, 0x00000000c37c4cf8, 0x00000000c38b0000)
  to   space 2112K,   0% used [0x00000000c38b0000, 0x00000000c38b0000, 0x00000000c3ac0000)
 tenured generation   total 42368K, used 18370K [0x00000000d6ea0000, 0x00000000d9800000, 0x0000000100000000)
   the space 42368K,  43% used [0x00000000d6ea0000, 0x00000000d8090a60, 0x00000000d8090c00, 0x00000000d9800000)
 Metaspace       used 47726K, capacity 48835K, committed 49200K, reserved 1091584K
  class space    used 6090K, capacity 6526K, committed 6528K, reserved 1048576K
}
Event: 30.922 GC heap before
{Heap before GC invocations=38 (full 2):
 def new generation   total 19136K, used 18195K [0x00000000c2600000, 0x00000000c3ac0000, 0x00000000d6ea0000)
  eden space 17024K, 100% used [0x00000000c2600000, 0x00000000c36a0000, 0x00000000c36a0000)
  from space 2112K,  55% used [0x00000000c36a0000, 0x00000000c37c4cf8, 0x00000000c38b0000)
  to   space 2112K,   0% used [0x00000000c38b0000, 0x00000000c38b0000, 0x00000000c3ac0000)
 tenured generation   total 42368K, used 18370K [0x00000000d6ea0000, 0x00000000d9800000, 0x0000000100000000)
   the space 42368K,  43% used [0x00000000d6ea0000, 0x00000000d8090a60, 0x00000000d8090c00, 0x00000000d9800000)
 Metaspace       used 48826K, capacity 49963K, committed 50480K, reserved 1093632K
  class space    used 6257K, capacity 6714K, committed 6784K, reserved 1048576K
}
Event: 30.937 GC heap after
{Heap after GC invocations=39 (full 2):
 def new generation   total 19136K, used 1166K [0x00000000c2600000, 0x00000000c3ac0000, 0x00000000d6ea0000)
  eden space 17024K,   0% used [0x00000000c2600000, 0x00000000c2600000, 0x00000000c36a0000)
  from space 2112K,  55% used [0x00000000c38b0000, 0x00000000c39d39a0, 0x00000000c3ac0000)
  to   space 2112K,   0% used [0x00000000c36a0000, 0x00000000c36a0000, 0x00000000c38b0000)
 tenured generation   total 42368K, used 18880K [0x00000000d6ea0000, 0x00000000d9800000, 0x0000000100000000)
   the space 42368K,  44% used [0x00000000d6ea0000, 0x00000000d81102b8, 0x00000000d8110400, 0x00000000d9800000)
 Metaspace       used 48826K, capacity 49963K, committed 50480K, reserved 1093632K
  class space    used 6257K, capacity 6714K, committed 6784K, reserved 1048576K
}
Event: 31.384 GC heap before
{Heap before GC invocations=39 (full 2):
 def new generation   total 19136K, used 18190K [0x00000000c2600000, 0x00000000c3ac0000, 0x00000000d6ea0000)
  eden space 17024K, 100% used [0x00000000c2600000, 0x00000000c36a0000, 0x00000000c36a0000)
  from space 2112K,  55% used [0x00000000c38b0000, 0x00000000c39d39a0, 0x00000000c3ac0000)
  to   space 2112K,   0% used [0x00000000c36a0000, 0x00000000c36a0000, 0x00000000c38b0000)
 tenured generation   total 42368K, used 18880K [0x00000000d6ea0000, 0x00000000d9800000, 0x0000000100000000)
   the space 42368K,  44% used [0x00000000d6ea0000, 0x00000000d81102b8, 0x00000000d8110400, 0x00000000d9800000)
 Metaspace       used 49754K, capacity 50897K, committed 51376K, reserved 1093632K
  class space    used 6367K, capacity 6812K, committed 6912K, reserved 1048576K
}
Event: 31.398 GC heap after
{Heap after GC invocations=40 (full 2):
 def new generation   total 19136K, used 621K [0x00000000c2600000, 0x00000000c3ac0000, 0x00000000d6ea0000)
  eden space 17024K,   0% used [0x00000000c2600000, 0x00000000c2600000, 0x00000000c36a0000)
  from space 2112K,  29% used [0x00000000c36a0000, 0x00000000c373b518, 0x00000000c38b0000)
  to   space 2112K,   0% used [0x00000000c38b0000, 0x00000000c38b0000, 0x00000000c3ac0000)
 tenured generation   total 42368K, used 19403K [0x00000000d6ea0000, 0x00000000d9800000, 0x0000000100000000)
   the space 42368K,  45% used [0x00000000d6ea0000, 0x00000000d8192f08, 0x00000000d8193000, 0x00000000d9800000)
 Metaspace       used 49754K, capacity 50897K, committed 51376K, reserved 1093632K
  class space    used 6367K, capacity 6812K, committed 6912K, reserved 1048576K
}
Event: 31.877 GC heap before
{Heap before GC invocations=40 (full 2):
 def new generation   total 19136K, used 17645K [0x00000000c2600000, 0x00000000c3ac0000, 0x00000000d6ea0000)
  eden space 17024K, 100% used [0x00000000c2600000, 0x00000000c36a0000, 0x00000000c36a0000)
  from space 2112K,  29% used [0x00000000c36a0000, 0x00000000c373b518, 0x00000000c38b0000)
  to   space 2112K,   0% used [0x00000000c38b0000, 0x00000000c38b0000, 0x00000000c3ac0000)
 tenured generation   total 42368K, used 19403K [0x00000000d6ea0000, 0x00000000d9800000, 0x0000000100000000)
   the space 42368K,  45% used [0x00000000d6ea0000, 0x00000000d8192f08, 0x00000000d8193000, 0x00000000d9800000)
 Metaspace       used 50640K, capacity 51824K, committed 52272K, reserved 1095680K
  class space    used 6510K, capacity 6993K, committed 7040K, reserved 1048576K
}
Event: 31.891 GC heap after
{Heap after GC invocations=41 (full 2):
 def new generation   total 19136K, used 1403K [0x00000000c2600000, 0x00000000c3ac0000, 0x00000000d6ea0000)
  eden space 17024K,   0% used [0x00000000c2600000, 0x00000000c2600000, 0x00000000c36a0000)
  from space 2112K,  66% used [0x00000000c38b0000, 0x00000000c3a0ed30, 0x00000000c3ac0000)
  to   space 2112K,   0% used [0x00000000c36a0000, 0x00000000c36a0000, 0x00000000c38b0000)
 tenured generation   total 42368K, used 19403K [0x00000000d6ea0000, 0x00000000d9800000, 0x0000000100000000)
   the space 42368K,  45% used [0x00000000d6ea0000, 0x00000000d8192f08, 0x00000000d8193000, 0x00000000d9800000)
 Metaspace       used 50640K, capacity 51824K, committed 52272K, reserved 1095680K
  class space    used 6510K, capacity 6993K, committed 7040K, reserved 1048576K
}
Event: 32.531 GC heap before
{Heap before GC invocations=41 (full 2):
 def new generation   total 19136K, used 18427K [0x00000000c2600000, 0x00000000c3ac0000, 0x00000000d6ea0000)
  eden space 17024K, 100% used [0x00000000c2600000, 0x00000000c36a0000, 0x00000000c36a0000)
  from space 2112K,  66% used [0x00000000c38b0000, 0x00000000c3a0ed30, 0x00000000c3ac0000)
  to   space 2112K,   0% used [0x00000000c36a0000, 0x00000000c36a0000, 0x00000000c38b0000)
 tenured generation   total 42368K, used 19403K [0x00000000d6ea0000, 0x00000000d9800000, 0x0000000100000000)
   the space 42368K,  45% used [0x00000000d6ea0000, 0x00000000d8192f08, 0x00000000d8193000, 0x00000000d9800000)
 Metaspace       used 51582K, capacity 52828K, committed 53168K, reserved 1095680K
  class space    used 6628K, capacity 7113K, committed 7168K, reserved 1048576K
}
Event: 32.552 GC heap after
{Heap after GC invocations=42 (full 2):
 def new generation   total 19136K, used 1240K [0x00000000c2600000, 0x00000000c3ac0000, 0x00000000d6ea0000)
  eden space 17024K,   0% used [0x00000000c2600000, 0x00000000c2600000, 0x00000000c36a0000)
  from space 2112K,  58% used [0x00000000c36a0000, 0x00000000c37d62c0, 0x00000000c38b0000)
  to   space 2112K,   0% used [0x00000000c38b0000, 0x00000000c38b0000, 0x00000000c3ac0000)
 tenured generation   total 42368K, used 19982K [0x00000000d6ea0000, 0x00000000d9800000, 0x0000000100000000)
   the space 42368K,  47% used [0x00000000d6ea0000, 0x00000000d8223878, 0x00000000d8223a00, 0x00000000d9800000)
 Metaspace       used 51582K, capacity 52828K, committed 53168K, reserved 1095680K
  class space    used 6628K, capacity 7113K, committed 7168K, reserved 1048576K
}
Event: 33.338 GC heap before
{Heap before GC invocations=42 (full 2):
 def new generation   total 19136K, used 18264K [0x00000000c2600000, 0x00000000c3ac0000, 0x00000000d6ea0000)
  eden space 17024K, 100% used [0x00000000c2600000, 0x00000000c36a0000, 0x00000000c36a0000)
  from space 2112K,  58% used [0x00000000c36a0000, 0x00000000c37d62c0, 0x00000000c38b0000)
  to   space 2112K,   0% used [0x00000000c38b0000, 0x00000000c38b0000, 0x00000000c3ac0000)
 tenured generation   total 42368K, used 19982K [0x00000000d6ea0000, 0x00000000d9800000, 0x0000000100000000)
   the space 42368K,  47% used [0x00000000d6ea0000, 0x00000000d8223878, 0x00000000d8223a00, 0x00000000d9800000)
 Metaspace       used 52656K, capacity 53877K, committed 54064K, reserved 1095680K
  class space    used 6770K, capacity 7266K, committed 7296K, reserved 1048576K
}
Event: 33.362 GC heap after
{Heap after GC invocations=43 (full 2):
 def new generation   total 19136K, used 1762K [0x00000000c2600000, 0x00000000c3ac0000, 0x00000000d6ea0000)
  eden space 17024K,   0% used [0x00000000c2600000, 0x00000000c2600000, 0x00000000c36a0000)
  from space 2112K,  83% used [0x00000000c38b0000, 0x00000000c3a68960, 0x00000000c3ac0000)
  to   space 2112K,   0% used [0x00000000c36a0000, 0x00000000c36a0000, 0x00000000c38b0000)
 tenured generation   total 42368K, used 20400K [0x00000000d6ea0000, 0x00000000d9800000, 0x0000000100000000)
   the space 42368K,  48% used [0x00000000d6ea0000, 0x00000000d828c008, 0x00000000d828c200, 0x00000000d9800000)
 Metaspace       used 52656K, capacity 53877K, committed 54064K, reserved 1095680K
  class space    used 6770K, capacity 7266K, committed 7296K, reserved 1048576K
}
Event: 477.060 GC heap before
{Heap before GC invocations=43 (full 2):
 def new generation   total 19136K, used 18786K [0x00000000c2600000, 0x00000000c3ac0000, 0x00000000d6ea0000)
  eden space 17024K, 100% used [0x00000000c2600000, 0x00000000c36a0000, 0x00000000c36a0000)
  from space 2112K,  83% used [0x00000000c38b0000, 0x00000000c3a68960, 0x00000000c3ac0000)
  to   space 2112K,   0% used [0x00000000c36a0000, 0x00000000c36a0000, 0x00000000c38b0000)
 tenured generation   total 42368K, used 20400K [0x00000000d6ea0000, 0x00000000d9800000, 0x0000000100000000)
   the space 42368K,  48% used [0x00000000d6ea0000, 0x00000000d828c008, 0x00000000d828c200, 0x00000000d9800000)
 Metaspace       used 54092K, capacity 55425K, committed 55856K, reserved 1097728K
  class space    used 6922K, capacity 7440K, committed 7552K, reserved 1048576K
}
Event: 477.186 GC heap after
{Heap after GC invocations=44 (full 2):
 def new generation   total 19136K, used 1188K [0x00000000c2600000, 0x00000000c3ac0000, 0x00000000d6ea0000)
  eden space 17024K,   0% used [0x00000000c2600000, 0x00000000c2600000, 0x00000000c36a0000)
  from space 2112K,  56% used [0x00000000c36a0000, 0x00000000c37c90e8, 0x00000000c38b0000)
  to   space 2112K,   0% used [0x00000000c38b0000, 0x00000000c38b0000, 0x00000000c3ac0000)
 tenured generation   total 42368K, used 21159K [0x00000000d6ea0000, 0x00000000d9800000, 0x0000000100000000)
   the space 42368K,  49% used [0x00000000d6ea0000, 0x00000000d8349fc0, 0x00000000d834a000, 0x00000000d9800000)
 Metaspace       used 54092K, capacity 55425K, committed 55856K, reserved 1097728K
  class space    used 6922K, capacity 7440K, committed 7552K, reserved 1048576K
}
Event: 481.103 GC heap before
{Heap before GC invocations=44 (full 2):
 def new generation   total 19136K, used 18212K [0x00000000c2600000, 0x00000000c3ac0000, 0x00000000d6ea0000)
  eden space 17024K, 100% used [0x00000000c2600000, 0x00000000c36a0000, 0x00000000c36a0000)
  from space 2112K,  56% used [0x00000000c36a0000, 0x00000000c37c90e8, 0x00000000c38b0000)
  to   space 2112K,   0% used [0x00000000c38b0000, 0x00000000c38b0000, 0x00000000c3ac0000)
 tenured generation   total 42368K, used 21159K [0x00000000d6ea0000, 0x00000000d9800000, 0x0000000100000000)
   the space 42368K,  49% used [0x00000000d6ea0000, 0x00000000d8349fc0, 0x00000000d834a000, 0x00000000d9800000)
 Metaspace       used 55592K, capacity 56839K, committed 57264K, reserved 1099776K
  class space    used 7087K, capacity 7591K, committed 7680K, reserved 1048576K
}
Event: 481.119 GC heap after
{Heap after GC invocations=45 (full 2):
 def new generation   total 19136K, used 825K [0x00000000c2600000, 0x00000000c3ac0000, 0x00000000d6ea0000)
  eden space 17024K,   0% used [0x00000000c2600000, 0x00000000c2600000, 0x00000000c36a0000)
  from space 2112K,  39% used [0x00000000c38b0000, 0x00000000c397e418, 0x00000000c3ac0000)
  to   space 2112K,   0% used [0x00000000c36a0000, 0x00000000c36a0000, 0x00000000c38b0000)
 tenured generation   total 42368K, used 21972K [0x00000000d6ea0000, 0x00000000d9800000, 0x0000000100000000)
   the space 42368K,  51% used [0x00000000d6ea0000, 0x00000000d8415150, 0x00000000d8415200, 0x00000000d9800000)
 Metaspace       used 55592K, capacity 56839K, committed 57264K, reserved 1099776K
  class space    used 7087K, capacity 7591K, committed 7680K, reserved 1048576K
}
Event: 2010.250 GC heap before
{Heap before GC invocations=45 (full 2):
 def new generation   total 19136K, used 17849K [0x00000000c2600000, 0x00000000c3ac0000, 0x00000000d6ea0000)
  eden space 17024K, 100% used [0x00000000c2600000, 0x00000000c36a0000, 0x00000000c36a0000)
  from space 2112K,  39% used [0x00000000c38b0000, 0x00000000c397e418, 0x00000000c3ac0000)
  to   space 2112K,   0% used [0x00000000c36a0000, 0x00000000c36a0000, 0x00000000c38b0000)
 tenured generation   total 42368K, used 21972K [0x00000000d6ea0000, 0x00000000d9800000, 0x0000000100000000)
   the space 42368K,  51% used [0x00000000d6ea0000, 0x00000000d8415150, 0x00000000d8415200, 0x00000000d9800000)
 Metaspace       used 56614K, capacity 57929K, committed 58160K, reserved 1099776K
  class space    used 7206K, capacity 7732K, committed 7808K, reserved 1048576K
}
Event: 2010.278 GC heap after
{Heap after GC invocations=46 (full 2):
 def new generation   total 19136K, used 1648K [0x00000000c2600000, 0x00000000c3ac0000, 0x00000000d6ea0000)
  eden space 17024K,   0% used [0x00000000c2600000, 0x00000000c2600000, 0x00000000c36a0000)
  from space 2112K,  78% used [0x00000000c36a0000, 0x00000000c383c060, 0x00000000c38b0000)
  to   space 2112K,   0% used [0x00000000c38b0000, 0x00000000c38b0000, 0x00000000c3ac0000)
 tenured generation   total 42368K, used 21972K [0x00000000d6ea0000, 0x00000000d9800000, 0x0000000100000000)
   the space 42368K,  51% used [0x00000000d6ea0000, 0x00000000d8415150, 0x00000000d8415200, 0x00000000d9800000)
 Metaspace       used 56614K, capacity 57929K, committed 58160K, reserved 1099776K
  class space    used 7206K, capacity 7732K, committed 7808K, reserved 1048576K
}
Event: 3360.826 GC heap before
{Heap before GC invocations=46 (full 2):
 def new generation   total 19136K, used 10354K [0x00000000c2600000, 0x00000000c3ac0000, 0x00000000d6ea0000)
  eden space 17024K,  51% used [0x00000000c2600000, 0x00000000c2e807d8, 0x00000000c36a0000)
  from space 2112K,  78% used [0x00000000c36a0000, 0x00000000c383c060, 0x00000000c38b0000)
  to   space 2112K,   0% used [0x00000000c38b0000, 0x00000000c38b0000, 0x00000000c3ac0000)
 tenured generation   total 42368K, used 21972K [0x00000000d6ea0000, 0x00000000d9800000, 0x0000000100000000)
   the space 42368K,  51% used [0x00000000d6ea0000, 0x00000000d8415150, 0x00000000d8415200, 0x00000000d9800000)
 Metaspace       used 57248K, capacity 58572K, committed 58928K, reserved 1099776K
  class space    used 7294K, capacity 7797K, committed 7808K, reserved 1048576K
}
Event: 3383.474 GC heap after
{Heap after GC invocations=47 (full 3):
 def new generation   total 19136K, used 0K [0x00000000c2600000, 0x00000000c3ac0000, 0x00000000d6ea0000)
  eden space 17024K,   0% used [0x00000000c2600000, 0x00000000c2600000, 0x00000000c36a0000)
  from space 2112K,   0% used [0x00000000c36a0000, 0x00000000c36a0000, 0x00000000c38b0000)
  to   space 2112K,   0% used [0x00000000c38b0000, 0x00000000c38b0000, 0x00000000c3ac0000)
 tenured generation   total 42368K, used 21054K [0x00000000d6ea0000, 0x00000000d9800000, 0x0000000100000000)
   the space 42368K,  49% used [0x00000000d6ea0000, 0x00000000d832fb90, 0x00000000d832fc00, 0x00000000d9800000)
 Metaspace       used 56930K, capacity 58078K, committed 58928K, reserved 1099776K
  class space    used 7214K, capacity 7643K, committed 7808K, reserved 1048576K
}

